20140327105020:INFO :[main]:started configuration loading.
20140327105020:INFO :[main]:loaded domain: StationDomain
20140327105020:INFO :[main]:loaded <map name='StationDomainMap' location='StationDomainMap.map.xml'>.
20140327105020:INFO :[main]:loading <node name='StationDomainNode' datasource='SQLiteStationDomainNode.driver.xml' factory='org.apache.cayenne.conf.DriverDataSourceFactory' schema-update-strategy='org.apache.cayenne.access.dbsync.CreateIfNoSchemaStrategy'>.
20140327105020:INFO :[main]:using factory: org.apache.cayenne.conf.DriverDataSourceFactory
20140327105020:INFO :[main]:loading driver information from 'SQLiteStationDomainNode.driver.xml'.
20140327105020:INFO :[main]:loading driver org.sqlite.JDBC
20140327105020:INFO :[main]:loading user name and password.
20140327105020:INFO :[main]:loaded datasource.
20140327105020:INFO :[main]:no adapter set, using automatic adapter.
20140327105020:INFO :[main]:loaded map-ref: StationDomainMap.
20140327105020:INFO :[main]:finished configuration loading in 254 ms.
20140327105020:INFO :[main]:Vendor meritCharge Station@1546e25
20140327105020:INFO :[main]:Version 2.0.20140321
20140327105020:INFO :[main]:Copyright (c)2012-2014
20140327105021:INFO :[main]:No schema detected, will create mapped tables
20140327105021:INFO :[main]:Station@1546e25.setState(WAIT_FOR_INPUT)
20140327105021:INFO :[ErgB@64ab4d]:ErgB@64ab4d.setState(WAIT_FOR_CONNECTION)
20140327104852:INFO :[main]:started configuration loading.
20140327104852:INFO :[main]:loaded domain: StationDomain
20140327104852:INFO :[main]:loaded <map name='StationDomainMap' location='StationDomainMap.map.xml'>.
20140327104852:INFO :[main]:loading <node name='StationDomainNode' datasource='SQLiteStationDomainNode.driver.xml' factory='org.apache.cayenne.conf.DriverDataSourceFactory' schema-update-strategy='org.apache.cayenne.access.dbsync.CreateIfNoSchemaStrategy'>.
20140327104852:INFO :[main]:using factory: org.apache.cayenne.conf.DriverDataSourceFactory
20140327104852:INFO :[main]:loading driver information from 'SQLiteStationDomainNode.driver.xml'.
20140327104852:INFO :[main]:loading driver org.sqlite.JDBC
20140327104852:INFO :[main]:loading user name and password.
20140327104852:INFO :[main]:loaded datasource.
20140327104852:INFO :[main]:no adapter set, using automatic adapter.
20140327104852:INFO :[main]:loaded map-ref: StationDomainMap.
20140327104852:INFO :[main]:finished configuration loading in 155 ms.
20140327104852:INFO :[main]:Vendor meritCharge Station@1546e25
20140327104852:INFO :[main]:Version 2.0.20140321
20140327104852:INFO :[main]:Copyright (c)2012-2014
20140327104852:INFO :[main]:Full or partial schema detected, skipping tables creation
20140327104852:INFO :[main]:Station@1546e25.setState(WAIT_FOR_INPUT)
20140327104852:INFO :[ErgB@7a1576]:ErgB@7a1576.setState(WAIT_FOR_CONNECTION)
